12 [140636444062528] INFO perfrun.launcher <> - Launcher main begin
16 [140636444062528] INFO perfrun.launcher <> - MessageCatalogInit finished
16 [140636444062528] INFO perfrun.launcher <> - Launcher instance created
16 [140636444062528] INFO perfrun.launcher <> - argc = 6; cmdline = /apps/intel-oneapi/advisor/2022.1.0/bin64/advixe-runss -dump-vdso -r /home/198/hz6100/COMP3320/comp3320-2022-assignment-2/build/adv_results/e000/hs001 --tmp-dir /scratch/c07/hz6100/tmp/advixe-tmp-hz6100 
90 [140636444062528] INFO perfrun.launcher <> - create msngr2::ICliToolContext
90 [140636444062528] INFO perfrun.launcher <> - create file finder object
101 [140636309821184] INFO perfrun.launcher <> - plugin [remoteplug] was disabled because it doesn't support the given collection type.
101 [140636309821184] INFO perfrun.launcher <> - plugin [system] was disabled because it doesn't support the given collection type.
101 [140636309821184] INFO perfrun.vdso <> - dumping [vdso] pseudomodule
113 [140636309821184] INFO perfrun.launcher <> - plugin [itt] was disabled because it doesn't support the given collection type.
113 [140636309821184] INFO perfrun.launcher <> - plugin [] was disabled because it doesn't support the given collection type.
113 [140636309821184] INFO perfrun.launcher <> - plugin [gpu] was disabled because it doesn't support the given collection type.
113 [140636309821184] INFO perfrun.launcher <> - plugin [] was disabled because it doesn't support the given collection type.
113 [140636309821184] INFO perfrun.launcher <> - plugin [] was disabled because it doesn't support the given collection type.
113 [140636309821184] INFO perfrun.launcher <> - plugin [] was disabled because it doesn't support the given collection type.
113 [140636309821184] INFO perfrun.launcher <> - plugin [mrte] was disabled because it doesn't support the given collection type.
113 [140636309821184] INFO perfrun.launcher <> - plugin [] was disabled because it doesn't support the given collection type.
113 [140636309821184] INFO perfrun.launcher <> - plugin [] was disabled because it doesn't support the given collection type.
113 [140636309821184] INFO perfrun.launcher <> - plugin [] was disabled because it doesn't support the given collection type.
113 [140636309821184] INFO perfrun.launcher <> - plugin [] was disabled because it doesn't support the given collection type.
113 [140636309821184] INFO perfrun.launcher <> - plugin [] was disabled because it doesn't support the given collection type.
113 [140636309821184] INFO perfrun.launcher <> - plugin [] was disabled because it doesn't support the given collection type.
113 [140636309821184] INFO perfrun.launcher <> - plugin [] was disabled because it doesn't support the given collection type.
113 [140636309821184] INFO perfrun.launcher <> - plugin [tpss] was disabled because it doesn't support the given collection type.
113 [140636309821184] INFO perfrun.launcher <> - plugin [] was disabled because it doesn't support the given collection type.
113 [140636309821184] INFO perfrun.launcher <> - plugin [] was disabled because it doesn't support the given collection type.
113 [140636309821184] INFO perfrun.launcher <> - plugin [] was disabled because it doesn't support the given collection type.
113 [140636309821184] INFO perfrun.launcher <> - plugin [] was disabled because it doesn't support the given collection type.
113 [140636309821184] INFO perfrun.launcher <> - plugin [] was disabled because it doesn't support the given collection type.
113 [140636309821184] INFO perfrun.launcher <> - plugin [] was disabled because it doesn't support the given collection type.
113 [140636309821184] INFO perfrun.launcher <> - plugin [] was disabled because it doesn't support the given collection type.
113 [140636309821184] INFO perfrun.launcher <> - plugin [] was disabled because it doesn't support the given collection type.
113 [140636309821184] INFO perfrun.launcher <> - plugin [] was disabled because it doesn't support the given collection type.
113 [140636444062528] INFO perfrun.launcher <> - Application exit code: 0
113 [140636444062528] INFO perfrun.launcher <> - Exit code: 0
