13 [140667880163264] INFO perfrun.launcher <> - Launcher main begin
18 [140667880163264] INFO perfrun.launcher <> - MessageCatalogInit finished
18 [140667880163264] INFO perfrun.launcher <> - Launcher instance created
18 [140667880163264] INFO perfrun.launcher <> - argc = 7; cmdline = /apps/intel-oneapi/advisor/2022.1.0/bin64/advixe-runss --ui-output-format xml --ui-output-fd 8 --option-file /home/198/hz6100/COMP3320/comp3320-2022-assignment-2/build/adv_results/e000/hs004/config/runss.options 
124 [140667880163264] INFO perfrun.launcher <> - create msngr2::ICliToolContext
124 [140667880163264] INFO perfrun.launcher <> - create file finder object
124 [140667880163264] INFO perfrun.launcher <> - create a result directory: pattern = /home/198/hz6100/COMP3320/comp3320-2022-assignment-2/build/adv_results/e000/hs004 pid = 4294967295
129 [140667880163264] INFO perfrun.sdk <> - checked that the directory /home/198/hz6100/COMP3320/comp3320-2022-assignment-2/build/adv_results/e000/hs004 is a local directory
129 [140667880163264] INFO perfrun.sdk <> - the directory /home/198/hz6100/COMP3320/comp3320-2022-assignment-2/build/adv_results/e000/hs004 is located on a share or its FS ID is unknown 26985
129 [140667880163264] INFO perfrun.sdk <> - checked that the directory /scratch/c07/hz6100/tmp/advixe-tmp-hz6100 is a local directory
129 [140667880163264] INFO perfrun.sdk <> - the directory /scratch/c07/hz6100/tmp/advixe-tmp-hz6100 is located on a share or its FS ID is unknown 198183888
132 [140667880163264] INFO perfrun.launcher <> - create data directory = /home/198/hz6100/COMP3320/comp3320-2022-assignment-2/build/adv_results/e000/hs004/data.0
133 [140667880163264] INFO perfrun.launcher <> - Creating the master collection flag
135 [140667880163264] INFO perfrun.launcher <> - Done creating the master collection flag
146 [140667745928960] INFO perfrun.launcher <> - plugin [remoteplug] was disabled because it doesn't support the given collection type.
146 [140667745928960] INFO perfrun.sdk <> - Allocating TMU :/home/198/hz6100/COMP3320/comp3320-2022-assignment-2/build/adv_results/e000/hs004/data.0/systemcollector-2298780-gadi-login-05.gadi.nci.org.au.sc
148 [140667745928960] INFO perfrun.launcher <> - plugin [] was disabled because it doesn't support the given collection type.
148 [140667745928960] INFO perfrun.launcher <> - plugin [gpu] was disabled because it doesn't support the given collection type.
148 [140667745928960] INFO perfrun.launcher <> - plugin [] was disabled because it doesn't support the given collection type.
148 [140667745928960] INFO perfrun.launcher <> - plugin [] was disabled because it doesn't support the given collection type.
148 [140667745928960] INFO perfrun.launcher <> - plugin [] was disabled because it doesn't support the given collection type.
148 [140667745928960] INFO perfrun.mrte <> - system-wide mode is 0
148 [140667745928960] INFO perfrun.mrte <> - Getting  mrte profiling environment ...
179 [140667745928960] INFO perfrun.mrte <> - INTEL_MRTE_DATA_DIR=/home/198/hz6100/COMP3320/comp3320-2022-assignment-2/build/adv_results/e000/hs004/data.0
179 [140667745928960] INFO perfrun.mrte <> - INTEL_MRTE_HOST_NAME=gadi-login-05.gadi.nci.org.au
179 [140667745928960] INFO perfrun.mrte <> - JAVA_TOOL_OPTIONS=-agentlib:advixe_tpssmrte_javaprof_1.0 -Dsun.boot.library.path=/apps/intel-oneapi/advisor/2022.1.0/lib32/runtime:/apps/intel-oneapi/advisor/2022.1.0/lib64/runtime
179 [140667745928960] INFO perfrun.mrte <> - LD_LIBRARY_PATH=/apps/intel-oneapi/advisor/2022.1.0/lib32/runtime:/apps/intel-oneapi/advisor/2022.1.0/lib64/runtime:/apps/papi/5.7.0/lib
179 [140667745928960] INFO perfrun.mrte <> - Data directory: /home/198/hz6100/COMP3320/comp3320-2022-assignment-2/build/adv_results/e000/hs004/data.0
179 [140667745928960] INFO perfrun.mrte <> - Mrte plugin is initialized
179 [140667745928960] INFO perfrun.launcher <> - plugin [] was disabled because it doesn't support the given collection type.
179 [140667745928960] INFO perfrun.launcher <> - plugin [] was disabled because it doesn't support the given collection type.
179 [140667745928960] INFO perfrun.launcher <> - plugin [] was disabled because it doesn't support the given collection type.
179 [140667745928960] INFO perfrun.launcher <> - plugin [] was disabled because it doesn't support the given collection type.
179 [140667745928960] INFO perfrun.launcher <> - plugin [] was disabled because it doesn't support the given collection type.
179 [140667745928960] INFO perfrun.launcher <> - plugin [] was disabled because it doesn't support the given collection type.
179 [140667745928960] INFO perfrun.launcher <> - plugin [] was disabled because it doesn't support the given collection type.
179 [140667745928960] INFO perfrun.tpss <> - initialize tpss controller
179 [140667745928960] INFO perfrun.tpss <> - configure collection mode: value = cpu:stack
179 [140667745928960] INFO perfrun.tpss <> - default obj-size-min=1024
179 [140667745928960] INFO perfrun.tpss <> - default hash-table-size=0
179 [140667745928960] INFO perfrun.launcher <> - plugin [] was disabled because it doesn't support the given collection type.
179 [140667745928960] INFO perfrun.launcher <> - plugin [] was disabled because it doesn't support the given collection type.
179 [140667745928960] INFO perfrun.launcher <> - plugin [] was disabled because it doesn't support the given collection type.
179 [140667745928960] INFO perfrun.launcher <> - plugin [] was disabled because it doesn't support the given collection type.
179 [140667745928960] INFO perfrun.launcher <> - plugin [] was disabled because it doesn't support the given collection type.
179 [140667745928960] INFO perfrun.launcher <> - plugin [] was disabled because it doesn't support the given collection type.
179 [140667745928960] INFO perfrun.launcher <> - plugin [] was disabled because it doesn't support the given collection type.
179 [140667745928960] INFO perfrun.launcher <> - plugin [] was disabled because it doesn't support the given collection type.
179 [140667745928960] INFO perfrun.launcher <> - plugin [] was disabled because it doesn't support the given collection type.
179 [140667880163264] INFO perfrun.launcher <> - set environment variable: LD_LIBRARY_PATH = /apps/intel-oneapi/advisor/2022.1.0/lib32/runtime:/apps/intel-oneapi/advisor/2022.1.0/lib64/runtime:/apps/papi/5.7.0/lib
179 [140667880163264] INFO perfrun.launcher <> - set environment variable: INTEL_LIBITTNOTIFY32 = /apps/intel-oneapi/advisor/2022.1.0/lib32/runtime/libittnotify_collector.so
179 [140667880163264] INFO perfrun.launcher <> - set environment variable: INTEL_LIBITTNOTIFY64 = /apps/intel-oneapi/advisor/2022.1.0/lib64/runtime/libittnotify_collector.so
179 [140667880163264] INFO perfrun.launcher <> - set environment variable: INTEL_ITTNOTIFY_GROUPS = 
180 [140667880163264] INFO perfrun.launcher <> - set environment variable: INTEL_JIT_PROFILER32 = /apps/intel-oneapi/advisor/2022.1.0/lib32/runtime/libittnotify_collector.so
180 [140667880163264] INFO perfrun.launcher <> - set environment variable: INTEL_JIT_PROFILER64 = /apps/intel-oneapi/advisor/2022.1.0/lib64/runtime/libittnotify_collector.so
180 [140667880163264] INFO perfrun.launcher <> - set environment variable: VS_PROFILER = libittnotify_collector.so
180 [140667880163264] INFO perfrun.launcher <> - set environment variable: OMP_TOOL_LIBRARIES = /apps/intel-oneapi/advisor/2022.1.0/lib32/runtime/libittnotify_collector.so:/apps/intel-oneapi/advisor/2022.1.0/lib64/runtime/libittnotify_collector.so
180 [140667880163264] INFO perfrun.launcher <> - set environment variable: ENABLE_JITPROFILING = 1
180 [140667880163264] INFO perfrun.launcher <> - set environment variable: CL_CONFIG_USE_VTUNE = True
180 [140667880163264] INFO perfrun.launcher <> - set environment variable: KMP_FORKJOIN_FRAMES = 0
180 [140667880163264] INFO perfrun.launcher <> - set environment variable: KMP_FORKJOIN_FRAMES_MODE = 0
180 [140667880163264] INFO perfrun.launcher <> - set environment variable: OMP_TOOL = disabled
180 [140667880163264] INFO perfrun.launcher <> - set environment variable: INTEL_MRTE_DATA_DIR = /home/198/hz6100/COMP3320/comp3320-2022-assignment-2/build/adv_results/e000/hs004/data.0
180 [140667880163264] INFO perfrun.launcher <> - set environment variable: INTEL_MRTE_HOST_NAME = gadi-login-05.gadi.nci.org.au
180 [140667880163264] INFO perfrun.launcher <> - set environment variable: JAVA_TOOL_OPTIONS = -agentlib:advixe_tpssmrte_javaprof_1.0 -Dsun.boot.library.path=/apps/intel-oneapi/advisor/2022.1.0/lib32/runtime:/apps/intel-oneapi/advisor/2022.1.0/lib64/runtime
180 [140667880163264] INFO perfrun.launcher <> - set environment variable: LD_LIBRARY_PATH = /apps/intel-oneapi/advisor/2022.1.0/lib32/runtime:/apps/intel-oneapi/advisor/2022.1.0/lib64/runtime:/apps/papi/5.7.0/lib
180 [140667880163264] INFO perfrun.launcher <> - RpcServer: run RPC server to handle requests
181 [140667880163264] INFO perfrun.launcher <> - Launcher: command line to start before modification = ./kernel_vect_omp -n 200 -d 3
181 [140667880163264] INFO perfrun.launcher <> - Launcher: command line to start after modification = /apps/intel-oneapi/advisor/2022.1.0/bin64/pin -error_file /home/198/hz6100/COMP3320/comp3320-2022-assignment-2/build/adv_results/e000/hs004/data.0/pinerr.tpsslog -detach_reattach -follow_execv -tool_load_option deepbind -t64 /apps/intel-oneapi/advisor/2022.1.0/lib64/libtpsstool.so -t /apps/intel-oneapi/advisor/2022.1.0/lib32/libtpsstool.so -server_name tpss_ipc.2298780 -prd_dir /apps/intel-oneapi/advisor/2022.1.0 -- ./kernel_vect_omp -n 200 -d 3
182 [140667880163264] INFO perfrun.launcher <> - ProcessCreator object was created
182 [140667880163264] INFO perfrun.launcher <> - Launcher: the process was started in suspend mode
189 [140667745928960] WARN perfrun.system <> - Could not do anything with /sys/kernel/debug/kvm: boost::filesystem::status: Permission denied: "/sys/kernel/debug/kvm", at file: vcs/perfrun1/plugins/system/src/trace_writer.cpp:787
189 [140667745928960] WARN perfrun.system <> - Folder "/var/run/libvirt/qemu/"doesn't exist, at file: vcs/perfrun1/plugins/system/src/trace_writer.cpp:800
195 [140667745928960] WARN perfrun.sdk <> - SEP tool is not available, at file: vcs/perfrun1/plugins/pluginsdk/src/device_mapper.cpp:590
195 [140667745928960] WARN perfrun.sdk <> - SEP driver is not available, at file: vcs/perfrun1/plugins/pluginsdk/src/device_mapper.cpp:745
195 [140667745928960] WARN perfrun.sdk <> - amplxe-perf tool is not available, at file: vcs/perfrun1/plugins/pluginsdk/src/device_mapper.cpp:606
195 [140667745928960] WARN perfrun.sdk <> - Device mapping through perf is not available on current kernel, at file: vcs/perfrun1/plugins/pluginsdk/src/device_mapper.cpp:943
199 [140667745928960] WARN perfrun.sdk <> - SEP tool is not available, at file: vcs/perfrun1/plugins/pluginsdk/src/device_mapper.cpp:590
199 [140667745928960] WARN perfrun.sdk <> - SEP driver is not available, at file: vcs/perfrun1/plugins/pluginsdk/src/device_mapper.cpp:745
199 [140667745928960] WARN perfrun.sdk <> - Failed to find xl binary on any of the system paths: /bin, /sbin, /usr/bin, /usr/sbin., at file: vcs/perfrun1/sdk/src/utils.cpp:204
206 [140667745928960] INFO perfrun.vdso <> - Helper runtool '/apps/intel-oneapi/advisor/2022.1.0/bin32/advixe-runss -dump-vdso -r /home/198/hz6100/COMP3320/comp3320-2022-assignment-2/build/adv_results/e000/hs004 --tmp-dir /scratch/c07/hz6100/tmp/advixe-tmp-hz6100' returned 1
381 [140667745928960] INFO perfrun.vdso <> - Helper runtool '/apps/intel-oneapi/advisor/2022.1.0/bin64/advixe-runss -dump-vdso -r /home/198/hz6100/COMP3320/comp3320-2022-assignment-2/build/adv_results/e000/hs004 --tmp-dir /scratch/c07/hz6100/tmp/advixe-tmp-hz6100' returned 0
381 [140667745928960] INFO perfrun.itt <> - start itt controller for pid #2298847
381 [140667745928960] INFO perfrun.tpss <> - start tpss controller for pid #2298847
433 [140667880163264] INFO perfrun.launcher <> - Launcher: all plugins were started
433 [140667880163264] INFO perfrun.launcher <> - DirectoryMonitor object was created
433 [140667880163264] INFO perfrun.launcher <> - DirectoryMonitor: a callback was added
433 [140667880163264] INFO perfrun.launcher <> - DirectoryMonitor was started with pingTime = 1000
433 [140667880163264] INFO perfrun.launcher <> - DeadlineTimer is going to be constructed
433 [140667880163264] INFO perfrun.launcher <> - DeadlineTimer: a callback was added
438 [140667880163264] INFO perfrun.launcher <> - Launcher: resume the profiled application and  wait its termination or stop command
14650 [140667880163264] INFO perfrun.launcher <> - Launcher: the profiled application was terminated  with exit code = 0
14671 [140667745928960] INFO perfrun.itt <> - detach itt controller
14671 [140667745928960] INFO perfrun.itt <> - detach itt controller done
14671 [140667745928960] INFO perfrun.tpss <> - stop tpss controller
14673 [140667745928960] INFO perfrun.sdk <> - De-allocating TMU: /home/198/hz6100/COMP3320/comp3320-2022-assignment-2/build/adv_results/e000/hs004/data.0/systemcollector-2298780-gadi-login-05.gadi.nci.org.au.sc
14673 [140667745928960] INFO perfrun.system <> - closed the system trace file: /home/198/hz6100/COMP3320/comp3320-2022-assignment-2/build/adv_results/e000/hs004/data.0/systemcollector-2298780-gadi-login-05.gadi.nci.org.au.sc
14673 [140667880163264] INFO perfrun.launcher <> - Launcher: all plugins were stopped.
14673 [140667880163264] INFO perfrun.launcher <> - DeadlineTimer is going to be destroyed
14673 [140667880163264] INFO perfrun.launcher <> - DeadlineTimer was destroyed
14673 [140667880163264] INFO perfrun.launcher <> - DirectoryMonitor object was destroyed
14673 [140667880163264] WARN perfrun.launcher <> - Stop command is ignored because it is received when collection is already stopped, at file: vcs/perfrun1/launcher/src/command_handler.cpp:226
14679 [140667880163264] INFO perfrun.launcher <> - Application exit code: 0
14679 [140667880163264] INFO perfrun.launcher <> - Exit code: 0
